dnycasualDeskGame v1.0 developed by Daniel Brendel (dbrendel1988<at>gmail<dot>com)
Logfile stream opened at 15-02-2020 14:06:02
[15-02-2020 14:06:02][Info] Initializing game...[15-02-2020 14:06:05][Warning] Menu::SetupMenu() failed: 2[15-02-2020 14:06:10][Info] All set up and running. Have fun playing![15-02-2020 14:06:23][Info] Shutting downdnycasualDeskGame v1.0 developed by Daniel Brendel (dbrendel1988<at>gmail<dot>com)
Logfile stream opened at 15-02-2020 14:06:39
[15-02-2020 14:06:39][Info] Initializing game...[15-02-2020 14:06:41][Warning] Browser::InputHostInfo() failed: 2[15-02-2020 14:06:41][Warning] Menu::SetupMenu() failed: 2[15-02-2020 14:06:41][Info] All set up and running. Have fun playing![15-02-2020 14:06:58][Info] Shutting downdnycasualDeskGame v1.0 developed by Daniel Brendel (dbrendel1988<at>gmail<dot>com)
Logfile stream opened at 15-02-2020 14:10:16
[15-02-2020 14:10:16][Info] Initializing game...[15-02-2020 14:10:18][Warning] Menu::SetupMenu() failed: 2[15-02-2020 14:10:23][Info] All set up and running. Have fun playing![15-02-2020 14:10:27][Info] Shutting downdnycasualDeskGame v1.0 developed by Daniel Brendel (dbrendel1988<at>gmail<dot>com)

Logfile stream opened at 15-02-2020 14:12:38

[15-02-2020 14:12:38][Info] Initializing game...
[15-02-2020 14:12:40][Warning] Browser::InputHostInfo() failed: 2
[15-02-2020 14:12:40][Warning] Menu::SetupMenu() failed: 2
[15-02-2020 14:12:40][Info] All set up and running. Have fun playing!
[15-02-2020 14:12:52][Info] Shutting down
dnycasualDeskGame v1.0 developed by Daniel Brendel (dbrendel1988<at>gmail<dot>com)

Logfile stream opened at 15-02-2020 14:13:55

[15-02-2020 14:13:55][Info] Initializing game...
[15-02-2020 14:13:58][Warning] Menu::SetupMenu() failed: 2
[15-02-2020 14:14:02][Info] All set up and running. Have fun playing!
[15-02-2020 14:14:29][Info] Shutting down
dnycasualDeskGame v1.0 developed by Daniel Brendel (dbrendel1988<at>gmail<dot>com)

Logfile stream opened at 15-02-2020 14:14:55

[15-02-2020 14:14:55][Info] Initializing game...
[15-02-2020 14:14:57][Warning] Menu::SetupMenu() failed: 2
[15-02-2020 14:15:02][Info] All set up and running. Have fun playing!
[15-02-2020 14:15:20][Info] Shutting down
dnycasualDeskGame v1.0 developed by Daniel Brendel (dbrendel1988<at>gmail<dot>com)

Logfile stream opened at 15-02-2020 14:16:24

[15-02-2020 14:16:24][Info] Initializing game...
[15-02-2020 14:16:27][Warning] Menu::SetupMenu() failed: 2
[15-02-2020 14:16:31][Info] All set up and running. Have fun playing!
[15-02-2020 14:16:43][Info] Shutting down
dnycasualDeskGame v1.0 developed by Daniel Brendel (dbrendel1988<at>gmail<dot>com)

Logfile stream opened at 15-02-2020 14:17:55

[15-02-2020 14:17:55][Info] Initializing game...
[15-02-2020 14:18:04][Warning] Menu::SetupMenu() failed: 2
[15-02-2020 14:18:09][Info] All set up and running. Have fun playing!
dnycasualDeskGame v1.0 developed by Daniel Brendel (dbrendel1988<at>gmail<dot>com)

Logfile stream opened at 15-02-2020 14:18:42

[15-02-2020 14:18:42][Info] Initializing game...
[15-02-2020 14:18:44][Warning] Menu::SetupMenu() failed: 2
[15-02-2020 14:18:48][Info] All set up and running. Have fun playing!
dnycasualDeskGame v1.0 developed by Daniel Brendel (dbrendel1988<at>gmail<dot>com)

Logfile stream opened at 15-02-2020 14:19:45

[15-02-2020 14:19:45][Info] Initializing game...
[15-02-2020 14:19:48][Warning] Menu::SetupMenu() failed: 2
[15-02-2020 14:19:52][Info] All set up and running. Have fun playing!
dnycasualDeskGame v1.0 developed by Daniel Brendel (dbrendel1988<at>gmail<dot>com)

Logfile stream opened at 15-02-2020 14:20:14

[15-02-2020 14:20:14][Info] Initializing game...
[15-02-2020 14:20:16][Warning] Menu::SetupMenu() failed: 2
[15-02-2020 14:20:20][Info] All set up and running. Have fun playing!
dnycasualDeskGame v1.0 developed by Daniel Brendel (dbrendel1988<at>gmail<dot>com)

Logfile stream opened at 15-02-2020 14:20:53

[15-02-2020 14:20:53][Info] Initializing game...
[15-02-2020 14:20:55][Warning] Menu::SetupMenu() failed: 2
[15-02-2020 14:20:59][Info] All set up and running. Have fun playing!
[15-02-2020 14:21:14][Info] Shutting down
dnycasualDeskGame v1.0 developed by Daniel Brendel (dbrendel1988<at>gmail<dot>com)

Logfile stream opened at 15-02-2020 14:21:22

[15-02-2020 14:21:22][Info] Initializing game...
[15-02-2020 14:21:25][Warning] Browser::InputHostInfo() failed: 2
[15-02-2020 14:21:25][Warning] Menu::SetupMenu() failed: 2
[15-02-2020 14:21:25][Info] All set up and running. Have fun playing!
[15-02-2020 14:21:41][Info] Shutting down
